<?xml version="1.0" encoding="UTF-8"?>
<!-- Generated by org.testng.reporters.JUnitReportReporter -->
<testsuite hostname="DESKTOP-F8IID4M" failures="0" tests="1" name="testing_maven.NewTest" time="33.813" errors="0" timestamp="2023-08-21T01:01:47 BDT" skipped="0">
  <testcase classname="testing_maven.NewTest" name="demostore" time="33.813"/>
  <system-out/>
</testsuite> <!-- testing_maven.NewTest -->
