<?xml version="1.0" encoding="UTF-8"?>
<!-- Generated by org.testng.reporters.JUnitReportReporter -->
<testsuite hostname="DESKTOP-F8IID4M" failures="0" tests="1" name="testing_maven.basic" time="0.009" errors="0" timestamp="2023-08-19T20:05:28 BDT" skipped="0">
  <testcase classname="testing_maven.basic" name="test" time="0.009"/>
  <system-out/>
</testsuite> <!-- testing_maven.basic -->
