<?xml version="1.0" encoding="UTF-8"?>
<!-- Generated by org.testng.reporters.JUnitReportReporter -->
<testsuite hostname="DESKTOP-F8IID4M" failures="0" tests="3" name="testing_maven.NewTest" time="48.278" errors="0" timestamp="2023-08-20T01:15:44 BDT" skipped="0">
  <testcase classname="testing_maven.NewTest" name="launchbrowser" time="20.353"/>
  <system-out/>
  <testcase classname="testing_maven.NewTest" name="demostore" time="19.368"/>
  <system-out/>
  <testcase classname="testing_maven.NewTest" name="launchbrowserWithWrongUserName" time="8.557"/>
  <system-out/>
</testsuite> <!-- testing_maven.NewTest -->
